<?xml version="1.0" encoding="UTF-8"?>
<testsuite xmlns:xsi="http://www.w3.org/2001/XMLSchema-instance" xsi:noNamespaceSchemaLocation="https://maven.apache.org/surefire/maven-surefire-plugin/xsd/surefire-test-report.xsd" name="com.encuesta.EncuestaBackendApplicationTests" time="4.956" tests="4" errors="1" skipped="0" failures="0">
  <properties>
[...]
</properties>
  <testcase name="testObtenerResultados" classname="com.encuesta.EncuestaBackendApplicationTests" time="0.167"/>
  <testcase name="testAgregarEncuesta" classname="com.encuesta.EncuestaBackendApplicationTests" time="0.256">
    <error message="PreparedStatementCallback; SQL [INSERT INTO ENCUESTA (EMAIL, ESTILO_MUSICAL) VALUES (?, ?)]; Violación de indice de Unicidad ó Clave primaria: &quot;PUBLIC.CONSTRAINT_INDEX_9 ON PUBLIC.ENCUESTA(EMAIL) VALUES 1&quot;&#10;Unique index or primary key violation: &quot;PUBLIC.CONSTRAINT_INDEX_9 ON PUBLIC.ENCUESTA(EMAIL) VALUES 1&quot;; SQL statement:&#10;INSERT INTO ENCUESTA (EMAIL, ESTILO_MUSICAL) VALUES (?, ?) [23505-200]; nested exception is org.h2.jdbc.JdbcSQLIntegrityConstraintViolationException: Violación de indice de Unicidad ó Clave primaria: &quot;PUBLIC.CONSTRAINT_INDEX_9 ON PUBLIC.ENCUESTA(EMAIL) VALUES 1&quot;&#10;Unique index or primary key violation: &quot;PUBLIC.CONSTRAINT_INDEX_9 ON PUBLIC.ENCUESTA(EMAIL) VALUES 1&quot;; SQL statement:&#10;INSERT INTO ENCUESTA (EMAIL, ESTILO_MUSICAL) VALUES (?, ?) [23505-200]" type="org.springframework.dao.DuplicateKeyException">org.springframework.dao.DuplicateKeyException: 
PreparedStatementCallback; SQL [INSERT INTO ENCUESTA (EMAIL, ESTILO_MUSICAL) VALUES (?, ?)]; Violación de indice de Unicidad ó Clave primaria: "PUBLIC.CONSTRAINT_INDEX_9 ON PUBLIC.ENCUESTA(EMAIL) VALUES 1"
Unique index or primary key violation: "PUBLIC.CONSTRAINT_INDEX_9 ON PUBLIC.ENCUESTA(EMAIL) VALUES 1"; SQL statement:
INSERT INTO ENCUESTA (EMAIL, ESTILO_MUSICAL) VALUES (?, ?) [23505-200]; nested exception is org.h2.jdbc.JdbcSQLIntegrityConstraintViolationException: Violación de indice de Unicidad ó Clave primaria: "PUBLIC.CONSTRAINT_INDEX_9 ON PUBLIC.ENCUESTA(EMAIL) VALUES 1"
Unique index or primary key violation: "PUBLIC.CONSTRAINT_INDEX_9 ON PUBLIC.ENCUESTA(EMAIL) VALUES 1"; SQL statement:
INSERT INTO ENCUESTA (EMAIL, ESTILO_MUSICAL) VALUES (?, ?) [23505-200]
	at com.encuesta.EncuestaBackendApplicationTests.testAgregarEncuesta(EncuestaBackendApplicationTests.java:47)
Caused by: org.h2.jdbc.JdbcSQLIntegrityConstraintViolationException: 
Violación de indice de Unicidad ó Clave primaria: "PUBLIC.CONSTRAINT_INDEX_9 ON PUBLIC.ENCUESTA(EMAIL) VALUES 1"
Unique index or primary key violation: "PUBLIC.CONSTRAINT_INDEX_9 ON PUBLIC.ENCUESTA(EMAIL) VALUES 1"; SQL statement:
INSERT INTO ENCUESTA (EMAIL, ESTILO_MUSICAL) VALUES (?, ?) [23505-200]
	at com.encuesta.EncuestaBackendApplicationTests.testAgregarEncuesta(EncuestaBackendApplicationTests.java:47)
</error>
  </testcase>
  <testcase name="testCrearTabla" classname="com.encuesta.EncuestaBackendApplicationTests" time="0.077"/>
  <testcase name="contextLoads" classname="com.encuesta.EncuestaBackendApplicationTests" time="0.002"/>
</testsuite>